<?xml version="1.0" encoding="UTF-8"?>
<!-- Generated by org.testng.reporters.JUnitXMLReporter -->
<testsuite hostname="Sipl-177" ignored="0" name="Scenario_1" tests="1" failures="1" timestamp="07 Mar 2018 09:20:41 GMT" time="20.53" errors="0">
  <testcase name="TC_02" time="7.146" classname="com.eapp.Scenarios.TestCase_02">
    <failure type="java.lang.NullPointerException">
      <![CDATA[java.lang.NullPointerException
	at com.relevantcodes.extentreports.ExtentTest.isPathRelative(ExtentTest.java:502)
	at com.relevantcodes.extentreports.ExtentTest.addScreenCapture(ExtentTest.java:287)
	at com.eapp.Reporting.Extent_Reporting.Log_Fail(Extent_Reporting.java:46)
	at com.eapp.Operations.IChamp_LoginPage_Operations.IChamp_Login(IChamp_LoginPage_Operations.java:58)
	at com.eapp.Scenarios.TestCase_02.TC_02(TestCase_02.java:135)
... Removed 25 stack frames]]>
    </failure>
  </testcase> <!-- TC_02 -->
</testsuite> <!-- Scenario_1 -->
